<?xml version="1.0" encoding="UTF-8"?>
<!-- Generated by org.testng.reporters.JUnitXMLReporter -->
<testsuite ignored="0" hostname="WIN-BGK24A9EOT2" failures="8" tests="20" name="Command line test" time="101.98" errors="0" timestamp="2022-06-21T22:20:04 EEST">
  <testcase classname="authorisation.AuthorisationTest" name="authorisationWithCorrectCredentials" time="2.177"/>
  <testcase classname="authorisation.AuthorisationTest" name="correctAccessToProfile" time="0.0">
    <failure type="org.testng.TestNGException" message="
Parameter &amp;apos;registeredUserName&amp;apos; is required by @Test on method correctAccessToProfile but has not been marked @Optional or defined
">
      <![CDATA[org.testng.TestNGException: 
Parameter 'registeredUserName' is required by @Test on method correctAccessToProfile but has not been marked @Optional or defined

at java.base/java.util.ArrayList.forEach(ArrayList.java:1511)
... Removed 36 stack frames]]>
    </failure>
  </testcase> <!-- correctAccessToProfile -->
  <testcase classname="authorisation.AuthorisationTest" name="correctUsernameAndIncorrectPassword" time="0.0">
    <failure type="org.testng.TestNGException" message="
Parameter &amp;apos;registeredUserName&amp;apos; is required by @Test on method correctUsernameAndIncorrectPassword but has not been marked @Optional or defined
">
      <![CDATA[org.testng.TestNGException: 
Parameter 'registeredUserName' is required by @Test on method correctUsernameAndIncorrectPassword but has not been marked @Optional or defined

at java.base/java.util.ArrayList.forEach(ArrayList.java:1511)
... Removed 36 stack frames]]>
    </failure>
  </testcase> <!-- correctUsernameAndIncorrectPassword -->
  <testcase classname="authorisation.AuthorisationTest" name="emptyPasswordField" time="0.0">
    <failure type="org.testng.TestNGException" message="
Parameter &amp;apos;registeredUserName&amp;apos; is required by @Test on method emptyPasswordField but has not been marked @Optional or defined
">
      <![CDATA[org.testng.TestNGException: 
Parameter 'registeredUserName' is required by @Test on method emptyPasswordField but has not been marked @Optional or defined

at java.base/java.util.ArrayList.forEach(ArrayList.java:1511)
... Removed 36 stack frames]]>
    </failure>
  </testcase> <!-- emptyPasswordField -->
  <testcase classname="authorisation.AuthorisationTest" name="emptyUsernameField" time="0.0">
    <failure type="org.testng.TestNGException" message="
Parameter &amp;apos;registeredUserPassword&amp;apos; is required by @Test on method emptyUsernameField but has not been marked @Optional or defined
">
      <![CDATA[org.testng.TestNGException: 
Parameter 'registeredUserPassword' is required by @Test on method emptyUsernameField but has not been marked @Optional or defined

at java.base/java.util.ArrayList.forEach(ArrayList.java:1511)
... Removed 36 stack frames]]>
    </failure>
  </testcase> <!-- emptyUsernameField -->
  <testcase classname="authorisation.AuthorisationTest" name="unregisteredUsername" time="0.0">
    <failure type="org.testng.TestNGException" message="
Parameter &amp;apos;unregisteredUserName&amp;apos; is required by @Test on method unregisteredUsername but has not been marked @Optional or defined
">
      <![CDATA[org.testng.TestNGException: 
Parameter 'unregisteredUserName' is required by @Test on method unregisteredUsername but has not been marked @Optional or defined

at java.base/java.util.ArrayList.forEach(ArrayList.java:1511)
... Removed 36 stack frames]]>
    </failure>
  </testcase> <!-- unregisteredUsername -->
  <testcase classname="book_store.BookCountSelectorTest" name="maxCountOfBooks10" time="0.674"/>
  <testcase classname="book_store.BookCountSelectorTest" name="maxCountOfBooks100" time="0.652"/>
  <testcase classname="book_store.BookCountSelectorTest" name="maxCountOfBooks20" time="0.668"/>
  <testcase classname="book_store.BookCountSelectorTest" name="maxCountOfBooks25" time="0.534"/>
  <testcase classname="book_store.BookCountSelectorTest" name="maxCountOfBooks5" time="0.535"/>
  <testcase classname="book_store.BookCountSelectorTest" name="maxCountOfBooks50" time="0.794"/>
  <testcase classname="book_store.PaginationButtonsTest" name="checkAbsenceOfBehaviorWhenClickOnDisabledButtons" time="2.654"/>
  <testcase classname="book_store.PaginationButtonsTest" name="checkBothButtonsDisabled" time="0.359"/>
  <testcase classname="book_store.PaginationButtonsTest" name="movingBetweenPagesUsingPreviousAndNextButtons" time="0.807"/>
  <testcase classname="book_store.SearchFieldTest" name="noBooksSearch" time="19.953">
    <failure type="org.openqa.selenium.WebDriverException" message="chrome not reachable
  (Session info: chrome=102.0.5005.115)
Build info: version: &amp;apos;4.2.2&amp;apos;, revision: &amp;apos;683ccb65d6&amp;apos;
System info: host: &amp;apos;WIN-BGK24A9EOT2&amp;apos;, ip: &amp;apos;26.140.49.84&amp;apos;, os.name: &amp;apos;Windows 10&amp;apos;, os.arch: &amp;apos;amd64&amp;apos;, os.version: &amp;apos;10.0&amp;apos;, java.version: &amp;apos;15&amp;apos;
Driver info: org.openqa.selenium.chrome.ChromeDriver
Command: [68543a92a7bc443c82c3113a9058d2b0, findElement {using=css selector, value=.mr-2 a}]
Capabilities {acceptInsecureCerts: false, browserName: chrome, browserVersion: 102.0.5005.115, chrome: {chromedriverVersion: 102.0.5005.61 (0e59bcc00cc4..., userDataDir: C:\Users\Tarakani\AppData\L...}, goog:chromeOptions: {debuggerAddress: localhost:54428}, networkConnectionEnabled: false, pageLoadStrategy: normal, platformName: WINDOWS, proxy: Proxy(), se:cdp: ws://localhost:54428/devtoo..., se:cdpVersion: 102.0.5005.115, setWindowRect: true, strictFileInteractability: false, timeouts: {implicit: 0, pageLoad: 300000, script: 30000}, unhandledPromptBehavior: dismiss and notify, webauthn:extension:credBlob: true, webauthn:extension:largeBlob: true, webauthn:virtualAuthenticators: true}
Session ID: 68543a92a7bc443c82c3113a9058d2b0">
      <![CDATA[org.openqa.selenium.WebDriverException: chrome not reachable
  (Session info: chrome=102.0.5005.115)
Build info: version: '4.2.2', revision: '683ccb65d6'
System info: host: 'WIN-BGK24A9EOT2', ip: '26.140.49.84', os.name: 'Windows 10', os.arch: 'amd64', os.version: '10.0', java.version: '15'
Driver info: org.openqa.selenium.chrome.ChromeDriver
Command: [68543a92a7bc443c82c3113a9058d2b0, findElement {using=css selector, value=.mr-2 a}]
Capabilities {acceptInsecureCerts: false, browserName: chrome, browserVersion: 102.0.5005.115, chrome: {chromedriverVersion: 102.0.5005.61 (0e59bcc00cc4..., userDataDir: C:\Users\Tarakani\AppData\L...}, goog:chromeOptions: {debuggerAddress: localhost:54428}, networkConnectionEnabled: false, pageLoadStrategy: normal, platformName: WINDOWS, proxy: Proxy(), se:cdp: ws://localhost:54428/devtoo..., se:cdpVersion: 102.0.5005.115, setWindowRect: true, strictFileInteractability: false, timeouts: {implicit: 0, pageLoad: 300000, script: 30000}, unhandledPromptBehavior: dismiss and notify, webauthn:extension:credBlob: true, webauthn:extension:largeBlob: true, webauthn:virtualAuthenticators: true}
Session ID: 68543a92a7bc443c82c3113a9058d2b0
at org.openqa.selenium.remote.codec.w3c.W3CHttpResponseCodec.createException(W3CHttpResponseCodec.java:200)
at org.openqa.selenium.remote.codec.w3c.W3CHttpResponseCodec.decode(W3CHttpResponseCodec.java:133)
at org.openqa.selenium.remote.codec.w3c.W3CHttpResponseCodec.decode(W3CHttpResponseCodec.java:53)
at org.openqa.selenium.remote.HttpCommandExecutor.execute(HttpCommandExecutor.java:184)
at org.openqa.selenium.remote.service.DriverCommandExecutor.invokeExecute(DriverCommandExecutor.java:167)
at org.openqa.selenium.remote.service.DriverCommandExecutor.execute(DriverCommandExecutor.java:142)
at org.openqa.selenium.remote.RemoteWebDriver.execute(RemoteWebDriver.java:588)
at org.openqa.selenium.remote.ElementLocation$ElementFinder$2.findElement(ElementLocation.java:162)
at org.openqa.selenium.remote.ElementLocation.findElement(ElementLocation.java:60)
at org.openqa.selenium.remote.RemoteWebDriver.findElement(RemoteWebDriver.java:406)
at org.openqa.selenium.remote.RemoteWebDriver.findElement(RemoteWebDriver.java:398)
at utils.General.lambda$fluentWaitElement$0(General.java:25)
at org.openqa.selenium.support.ui.FluentWait.until(FluentWait.java:208)
at utils.General.fluentWaitElement(General.java:25)
at pages.BookStore.checkBookCount(BookStore.java:45)
at book_store.SearchFieldTest.noBooksSearch(SearchFieldTest.java:69)
at java.base/java.util.ArrayList.forEach(ArrayList.java:1511)
... Removed 42 stack frames]]>
    </failure>
  </testcase> <!-- noBooksSearch -->
  <testcase classname="book_store.SearchFieldTest" name="searchByAuthor" time="0.007">
    <failure type="org.openqa.selenium.NoSuchWindowException" message="no such window: target window already closed
from unknown error: web view not found
  (Session info: chrome=102.0.5005.115)
Build info: version: &amp;apos;4.2.2&amp;apos;, revision: &amp;apos;683ccb65d6&amp;apos;
System info: host: &amp;apos;WIN-BGK24A9EOT2&amp;apos;, ip: &amp;apos;26.140.49.84&amp;apos;, os.name: &amp;apos;Windows 10&amp;apos;, os.arch: &amp;apos;amd64&amp;apos;, os.version: &amp;apos;10.0&amp;apos;, java.version: &amp;apos;15&amp;apos;
Driver info: org.openqa.selenium.chrome.ChromeDriver
Command: [5e60a1fc8c44dd9b931968533985f878, findElement {using=css selector, value=.mr-2 a}]
Capabilities {acceptInsecureCerts: false, browserName: chrome, browserVersion: 102.0.5005.115, chrome: {chromedriverVersion: 102.0.5005.61 (0e59bcc00cc4..., userDataDir: C:\Users\Tarakani\AppData\L...}, goog:chromeOptions: {debuggerAddress: localhost:54485}, networkConnectionEnabled: false, pageLoadStrategy: normal, platformName: WINDOWS, proxy: Proxy(), se:cdp: ws://localhost:54485/devtoo..., se:cdpVersion: 102.0.5005.115, setWindowRect: true, strictFileInteractability: false, timeouts: {implicit: 0, pageLoad: 300000, script: 30000}, unhandledPromptBehavior: dismiss and notify, webauthn:extension:credBlob: true, webauthn:extension:largeBlob: true, webauthn:virtualAuthenticators: true}
Session ID: 5e60a1fc8c44dd9b931968533985f878">
      <![CDATA[org.openqa.selenium.NoSuchWindowException: no such window: target window already closed
from unknown error: web view not found
  (Session info: chrome=102.0.5005.115)
Build info: version: '4.2.2', revision: '683ccb65d6'
System info: host: 'WIN-BGK24A9EOT2', ip: '26.140.49.84', os.name: 'Windows 10', os.arch: 'amd64', os.version: '10.0', java.version: '15'
Driver info: org.openqa.selenium.chrome.ChromeDriver
Command: [5e60a1fc8c44dd9b931968533985f878, findElement {using=css selector, value=.mr-2 a}]
Capabilities {acceptInsecureCerts: false, browserName: chrome, browserVersion: 102.0.5005.115, chrome: {chromedriverVersion: 102.0.5005.61 (0e59bcc00cc4..., userDataDir: C:\Users\Tarakani\AppData\L...}, goog:chromeOptions: {debuggerAddress: localhost:54485}, networkConnectionEnabled: false, pageLoadStrategy: normal, platformName: WINDOWS, proxy: Proxy(), se:cdp: ws://localhost:54485/devtoo..., se:cdpVersion: 102.0.5005.115, setWindowRect: true, strictFileInteractability: false, timeouts: {implicit: 0, pageLoad: 300000, script: 30000}, unhandledPromptBehavior: dismiss and notify, webauthn:extension:credBlob: true, webauthn:extension:largeBlob: true, webauthn:virtualAuthenticators: true}
Session ID: 5e60a1fc8c44dd9b931968533985f878
at org.openqa.selenium.remote.codec.w3c.W3CHttpResponseCodec.createException(W3CHttpResponseCodec.java:200)
at org.openqa.selenium.remote.codec.w3c.W3CHttpResponseCodec.decode(W3CHttpResponseCodec.java:133)
at org.openqa.selenium.remote.codec.w3c.W3CHttpResponseCodec.decode(W3CHttpResponseCodec.java:53)
at org.openqa.selenium.remote.HttpCommandExecutor.execute(HttpCommandExecutor.java:184)
at org.openqa.selenium.remote.service.DriverCommandExecutor.invokeExecute(DriverCommandExecutor.java:167)
at org.openqa.selenium.remote.service.DriverCommandExecutor.execute(DriverCommandExecutor.java:142)
at org.openqa.selenium.remote.RemoteWebDriver.execute(RemoteWebDriver.java:588)
at org.openqa.selenium.remote.ElementLocation$ElementFinder$2.findElement(ElementLocation.java:162)
at org.openqa.selenium.remote.ElementLocation.findElement(ElementLocation.java:60)
at org.openqa.selenium.remote.RemoteWebDriver.findElement(RemoteWebDriver.java:406)
at org.openqa.selenium.remote.RemoteWebDriver.findElement(RemoteWebDriver.java:398)
at utils.General.lambda$fluentWaitElement$0(General.java:25)
at org.openqa.selenium.support.ui.FluentWait.until(FluentWait.java:208)
at utils.General.fluentWaitElement(General.java:25)
at pages.BookStore.checkBookCount(BookStore.java:45)
at book_store.SearchFieldTest.searchByAuthor(SearchFieldTest.java:47)
at java.base/java.util.ArrayList.forEach(ArrayList.java:1511)
... Removed 42 stack frames]]>
    </failure>
  </testcase> <!-- searchByAuthor -->
  <testcase classname="book_store.SearchFieldTest" name="searchByFullTitle" time="1.006"/>
  <testcase classname="book_store.SearchFieldTest" name="searchByPhraseInTitle" time="0.009">
    <failure type="org.openqa.selenium.NoSuchWindowException" message="no such window: target window already closed
from unknown error: web view not found
  (Session info: chrome=102.0.5005.115)
Build info: version: &amp;apos;4.2.2&amp;apos;, revision: &amp;apos;683ccb65d6&amp;apos;
System info: host: &amp;apos;WIN-BGK24A9EOT2&amp;apos;, ip: &amp;apos;26.140.49.84&amp;apos;, os.name: &amp;apos;Windows 10&amp;apos;, os.arch: &amp;apos;amd64&amp;apos;, os.version: &amp;apos;10.0&amp;apos;, java.version: &amp;apos;15&amp;apos;
Driver info: org.openqa.selenium.chrome.ChromeDriver
Command: [752d00acf86035555ff975be33a5d1e9, findElement {using=css selector, value=.mr-2 a}]
Capabilities {acceptInsecureCerts: false, browserName: chrome, browserVersion: 102.0.5005.115, chrome: {chromedriverVersion: 102.0.5005.61 (0e59bcc00cc4..., userDataDir: C:\Users\Tarakani\AppData\L...}, goog:chromeOptions: {debuggerAddress: localhost:54610}, networkConnectionEnabled: false, pageLoadStrategy: normal, platformName: WINDOWS, proxy: Proxy(), se:cdp: ws://localhost:54610/devtoo..., se:cdpVersion: 102.0.5005.115, setWindowRect: true, strictFileInteractability: false, timeouts: {implicit: 0, pageLoad: 300000, script: 30000}, unhandledPromptBehavior: dismiss and notify, webauthn:extension:credBlob: true, webauthn:extension:largeBlob: true, webauthn:virtualAuthenticators: true}
Session ID: 752d00acf86035555ff975be33a5d1e9">
      <![CDATA[org.openqa.selenium.NoSuchWindowException: no such window: target window already closed
from unknown error: web view not found
  (Session info: chrome=102.0.5005.115)
Build info: version: '4.2.2', revision: '683ccb65d6'
System info: host: 'WIN-BGK24A9EOT2', ip: '26.140.49.84', os.name: 'Windows 10', os.arch: 'amd64', os.version: '10.0', java.version: '15'
Driver info: org.openqa.selenium.chrome.ChromeDriver
Command: [752d00acf86035555ff975be33a5d1e9, findElement {using=css selector, value=.mr-2 a}]
Capabilities {acceptInsecureCerts: false, browserName: chrome, browserVersion: 102.0.5005.115, chrome: {chromedriverVersion: 102.0.5005.61 (0e59bcc00cc4..., userDataDir: C:\Users\Tarakani\AppData\L...}, goog:chromeOptions: {debuggerAddress: localhost:54610}, networkConnectionEnabled: false, pageLoadStrategy: normal, platformName: WINDOWS, proxy: Proxy(), se:cdp: ws://localhost:54610/devtoo..., se:cdpVersion: 102.0.5005.115, setWindowRect: true, strictFileInteractability: false, timeouts: {implicit: 0, pageLoad: 300000, script: 30000}, unhandledPromptBehavior: dismiss and notify, webauthn:extension:credBlob: true, webauthn:extension:largeBlob: true, webauthn:virtualAuthenticators: true}
Session ID: 752d00acf86035555ff975be33a5d1e9
at org.openqa.selenium.remote.codec.w3c.W3CHttpResponseCodec.createException(W3CHttpResponseCodec.java:200)
at org.openqa.selenium.remote.codec.w3c.W3CHttpResponseCodec.decode(W3CHttpResponseCodec.java:133)
at org.openqa.selenium.remote.codec.w3c.W3CHttpResponseCodec.decode(W3CHttpResponseCodec.java:53)
at org.openqa.selenium.remote.HttpCommandExecutor.execute(HttpCommandExecutor.java:184)
at org.openqa.selenium.remote.service.DriverCommandExecutor.invokeExecute(DriverCommandExecutor.java:167)
at org.openqa.selenium.remote.service.DriverCommandExecutor.execute(DriverCommandExecutor.java:142)
at org.openqa.selenium.remote.RemoteWebDriver.execute(RemoteWebDriver.java:588)
at org.openqa.selenium.remote.ElementLocation$ElementFinder$2.findElement(ElementLocation.java:162)
at org.openqa.selenium.remote.ElementLocation.findElement(ElementLocation.java:60)
at org.openqa.selenium.remote.RemoteWebDriver.findElement(RemoteWebDriver.java:406)
at org.openqa.selenium.remote.RemoteWebDriver.findElement(RemoteWebDriver.java:398)
at utils.General.lambda$fluentWaitElement$0(General.java:25)
at org.openqa.selenium.support.ui.FluentWait.until(FluentWait.java:208)
at utils.General.fluentWaitElement(General.java:25)
at pages.BookStore.checkBookCount(BookStore.java:45)
at book_store.SearchFieldTest.searchByPhraseInTitle(SearchFieldTest.java:37)
at java.base/java.util.ArrayList.forEach(ArrayList.java:1511)
... Removed 42 stack frames]]>
    </failure>
  </testcase> <!-- searchByPhraseInTitle -->
  <testcase classname="book_store.SearchFieldTest" name="searchByPublisher" time="1.314"/>
</testsuite> <!-- Command line test -->
